{"/Users/xzen/Documents/xzen/ecole/webforce3/unit-test/src/bot.class.js": {"path":"/Users/xzen/Documents/xzen/ecole/webforce3/unit-test/src/bot.class.js","statementMap":{"0":{"start":{"line":1,"column":12},"end":{"line":33,"column":1}},"1":{"start":{"line":10,"column":8},"end":{"line":10,"column":14}},"2":{"start":{"line":11,"column":4},"end":{"line":11,"column":17}},"3":{"start":{"line":12,"column":4},"end":{"line":12,"column":21}},"4":{"start":{"line":13,"column":4},"end":{"line":13,"column":25}},"5":{"start":{"line":14,"column":4},"end":{"line":14,"column":27}},"6":{"start":{"line":15,"column":4},"end":{"line":15,"column":22}},"7":{"start":{"line":19,"column":22},"end":{"line":19,"column":24}},"8":{"start":{"line":21,"column":4},"end":{"line":29,"column":7}},"9":{"start":{"line":22,"column":34},"end":{"line":22,"column":40}},"10":{"start":{"line":24,"column":6},"end":{"line":28,"column":7}},"11":{"start":{"line":25,"column":8},"end":{"line":25,"column":35}},"12":{"start":{"line":27,"column":8},"end":{"line":27,"column":27}},"13":{"start":{"line":31,"column":4},"end":{"line":31,"column":21}}},"fnMap":{"0":{"name":"(anonymous_0)","decl":{"start":{"line":4,"column":2},"end":{"line":4,"column":3}},"loc":{"start":{"line":4,"column":22},"end":{"line":16,"column":3}},"line":4},"1":{"name":"(anonymous_1)","decl":{"start":{"line":18,"column":2},"end":{"line":18,"column":3}},"loc":{"start":{"line":18,"column":31},"end":{"line":32,"column":3}},"line":18},"2":{"name":"(anonymous_2)","decl":{"start":{"line":21,"column":25},"end":{"line":21,"column":26}},"loc":{"start":{"line":21,"column":37},"end":{"line":29,"column":5}},"line":21}},"branchMap":{"0":{"loc":{"start":{"line":24,"column":6},"end":{"line":28,"column":7}},"type":"if","locations":[{"start":{"line":24,"column":6},"end":{"line":28,"column":7}},{"start":{},"end":{}}],"line":24}},"s":{"0":2,"1":3,"2":3,"3":3,"4":3,"5":3,"6":3,"7":3,"8":3,"9":9,"10":9,"11":2,"12":2,"13":3},"f":{"0":3,"1":3,"2":9},"b":{"0":[2,7]},"_coverageSchema":"1a1c01bbd47fc00a2c39e90264f33305004495a9","hash":"821fad87498012dfff30b255777da09393f17f20"}
,"/Users/xzen/Documents/xzen/ecole/webforce3/unit-test/src/tchat.class.js": {"path":"/Users/xzen/Documents/xzen/ecole/webforce3/unit-test/src/tchat.class.js","statementMap":{"0":{"start":{"line":3,"column":14},"end":{"line":219,"column":1}},"1":{"start":{"line":5,"column":4},"end":{"line":9,"column":6}},"2":{"start":{"line":10,"column":4},"end":{"line":10,"column":48}},"3":{"start":{"line":10,"column":34},"end":{"line":10,"column":46}},"4":{"start":{"line":11,"column":4},"end":{"line":11,"column":45}},"5":{"start":{"line":15,"column":21},"end":{"line":19,"column":5}},"6":{"start":{"line":15,"column":27},"end":{"line":19,"column":5}},"7":{"start":{"line":21,"column":4},"end":{"line":41,"column":6}},"8":{"start":{"line":45,"column":4},"end":{"line":49,"column":6}},"9":{"start":{"line":47,"column":33},"end":{"line":47,"column":52}},"10":{"start":{"line":58,"column":8},"end":{"line":58,"column":11}},"11":{"start":{"line":60,"column":4},"end":{"line":71,"column":6}},"12":{"start":{"line":75,"column":29},"end":{"line":75,"column":38}},"13":{"start":{"line":77,"column":4},"end":{"line":98,"column":6}},"14":{"start":{"line":102,"column":35},"end":{"line":102,"column":42}},"15":{"start":{"line":103,"column":4},"end":{"line":123,"column":6}},"16":{"start":{"line":127,"column":4},"end":{"line":132,"column":6}},"17":{"start":{"line":136,"column":21},"end":{"line":136,"column":23}},"18":{"start":{"line":138,"column":4},"end":{"line":155,"column":7}},"19":{"start":{"line":139,"column":24},"end":{"line":139,"column":56}},"20":{"start":{"line":141,"column":6},"end":{"line":154,"column":7}},"21":{"start":{"line":142,"column":33},"end":{"line":142,"column":36}},"22":{"start":{"line":144,"column":8},"end":{"line":151,"column":11}},"23":{"start":{"line":145,"column":10},"end":{"line":150,"column":13}},"24":{"start":{"line":153,"column":8},"end":{"line":153,"column":38}},"25":{"start":{"line":157,"column":4},"end":{"line":157,"column":20}},"26":{"start":{"line":161,"column":4},"end":{"line":166,"column":7}},"27":{"start":{"line":162,"column":31},"end":{"line":162,"column":34}},"28":{"start":{"line":163,"column":20},"end":{"line":163,"column":57}},"29":{"start":{"line":165,"column":6},"end":{"line":165,"column":35}},"30":{"start":{"line":170,"column":23},"end":{"line":170,"column":58}},"31":{"start":{"line":171,"column":20},"end":{"line":171,"column":51}},"32":{"start":{"line":174,"column":4},"end":{"line":185,"column":7}},"33":{"start":{"line":175,"column":6},"end":{"line":184,"column":7}},"34":{"start":{"line":176,"column":24},"end":{"line":176,"column":37}},"35":{"start":{"line":177,"column":8},"end":{"line":177,"column":66}},"36":{"start":{"line":178,"column":8},"end":{"line":178,"column":27}},"37":{"start":{"line":180,"column":29},"end":{"line":181,"column":64}},"38":{"start":{"line":181,"column":28},"end":{"line":181,"column":63}},"39":{"start":{"line":183,"column":8},"end":{"line":183,"column":54}},"40":{"start":{"line":189,"column":4},"end":{"line":212,"column":6}},"41":{"start":{"line":216,"column":4},"end":{"line":216,"column":38}},"42":{"start":{"line":217,"column":4},"end":{"line":217,"column":30}}},"fnMap":{"0":{"name":"(anonymous_0)","decl":{"start":{"line":4,"column":2},"end":{"line":4,"column":3}},"loc":{"start":{"line":4,"column":20},"end":{"line":12,"column":3}},"line":4},"1":{"name":"(anonymous_1)","decl":{"start":{"line":10,"column":25},"end":{"line":10,"column":26}},"loc":{"start":{"line":10,"column":34},"end":{"line":10,"column":46}},"line":10},"2":{"name":"(anonymous_2)","decl":{"start":{"line":14,"column":2},"end":{"line":14,"column":3}},"loc":{"start":{"line":14,"column":14},"end":{"line":42,"column":3}},"line":14},"3":{"name":"(anonymous_3)","decl":{"start":{"line":15,"column":21},"end":{"line":15,"column":22}},"loc":{"start":{"line":15,"column":27},"end":{"line":19,"column":5}},"line":15},"4":{"name":"(anonymous_4)","decl":{"start":{"line":44,"column":2},"end":{"line":44,"column":3}},"loc":{"start":{"line":44,"column":19},"end":{"line":50,"column":3}},"line":44},"5":{"name":"(anonymous_5)","decl":{"start":{"line":47,"column":24},"end":{"line":47,"column":25}},"loc":{"start":{"line":47,"column":33},"end":{"line":47,"column":52}},"line":47},"6":{"name":"(anonymous_6)","decl":{"start":{"line":52,"column":2},"end":{"line":52,"column":3}},"loc":{"start":{"line":52,"column":17},"end":{"line":72,"column":3}},"line":52},"7":{"name":"(anonymous_7)","decl":{"start":{"line":74,"column":2},"end":{"line":74,"column":3}},"loc":{"start":{"line":74,"column":28},"end":{"line":99,"column":3}},"line":74},"8":{"name":"(anonymous_8)","decl":{"start":{"line":101,"column":2},"end":{"line":101,"column":3}},"loc":{"start":{"line":101,"column":33},"end":{"line":124,"column":3}},"line":101},"9":{"name":"(anonymous_9)","decl":{"start":{"line":126,"column":2},"end":{"line":126,"column":3}},"loc":{"start":{"line":126,"column":24},"end":{"line":133,"column":3}},"line":126},"10":{"name":"(anonymous_10)","decl":{"start":{"line":135,"column":2},"end":{"line":135,"column":3}},"loc":{"start":{"line":135,"column":24},"end":{"line":158,"column":3}},"line":135},"11":{"name":"(anonymous_11)","decl":{"start":{"line":138,"column":22},"end":{"line":138,"column":23}},"loc":{"start":{"line":138,"column":31},"end":{"line":155,"column":5}},"line":138},"12":{"name":"(anonymous_12)","decl":{"start":{"line":144,"column":26},"end":{"line":144,"column":27}},"loc":{"start":{"line":144,"column":36},"end":{"line":151,"column":9}},"line":144},"13":{"name":"(anonymous_13)","decl":{"start":{"line":160,"column":2},"end":{"line":160,"column":3}},"loc":{"start":{"line":160,"column":27},"end":{"line":167,"column":3}},"line":160},"14":{"name":"(anonymous_14)","decl":{"start":{"line":161,"column":22},"end":{"line":161,"column":23}},"loc":{"start":{"line":161,"column":31},"end":{"line":166,"column":5}},"line":161},"15":{"name":"(anonymous_15)","decl":{"start":{"line":169,"column":2},"end":{"line":169,"column":3}},"loc":{"start":{"line":169,"column":23},"end":{"line":186,"column":3}},"line":169},"16":{"name":"(anonymous_16)","decl":{"start":{"line":174,"column":38},"end":{"line":174,"column":39}},"loc":{"start":{"line":174,"column":45},"end":{"line":185,"column":5}},"line":174},"17":{"name":"(anonymous_17)","decl":{"start":{"line":181,"column":15},"end":{"line":181,"column":16}},"loc":{"start":{"line":181,"column":28},"end":{"line":181,"column":63}},"line":181},"18":{"name":"(anonymous_18)","decl":{"start":{"line":188,"column":2},"end":{"line":188,"column":3}},"loc":{"start":{"line":188,"column":11},"end":{"line":213,"column":3}},"line":188},"19":{"name":"(anonymous_19)","decl":{"start":{"line":215,"column":2},"end":{"line":215,"column":3}},"loc":{"start":{"line":215,"column":8},"end":{"line":218,"column":3}},"line":215}},"branchMap":{"0":{"loc":{"start":{"line":36,"column":16},"end":{"line":36,"column":60}},"type":"cond-expr","locations":[{"start":{"line":36,"column":45},"end":{"line":36,"column":55}},{"start":{"line":36,"column":58},"end":{"line":36,"column":60}}],"line":36},"1":{"loc":{"start":{"line":141,"column":6},"end":{"line":154,"column":7}},"type":"if","locations":[{"start":{"line":141,"column":6},"end":{"line":154,"column":7}},{"start":{},"end":{}}],"line":141},"2":{"loc":{"start":{"line":175,"column":6},"end":{"line":184,"column":7}},"type":"if","locations":[{"start":{"line":175,"column":6},"end":{"line":184,"column":7}},{"start":{},"end":{}}],"line":175}},"s":{"0":1,"1":1,"2":1,"3":2,"4":1,"5":1,"6":0,"7":1,"8":1,"9":2,"10":2,"11":2,"12":0,"13":0,"14":0,"15":0,"16":2,"17":0,"18":0,"19":0,"20":0,"21":0,"22":0,"23":0,"24":0,"25":0,"26":0,"27":0,"28":0,"29":0,"30":1,"31":1,"32":1,"33":0,"34":0,"35":0,"36":0,"37":0,"38":0,"39":0,"40":1,"41":1,"42":1},"f":{"0":1,"1":2,"2":1,"3":0,"4":1,"5":2,"6":2,"7":0,"8":0,"9":2,"10":0,"11":0,"12":0,"13":0,"14":0,"15":1,"16":0,"17":0,"18":1,"19":1},"b":{"0":[0,1],"1":[0,0],"2":[0,0]},"_coverageSchema":"1a1c01bbd47fc00a2c39e90264f33305004495a9","hash":"2af1cf51d81b70de4408a60bf771a702a4ba4148"}
}
