TN:
SF:src/bot.class.js
FN:4,(anonymous_0)
FN:18,(anonymous_1)
FN:21,(anonymous_2)
FNF:3
FNH:3
FNDA:3,(anonymous_0)
FNDA:3,(anonymous_1)
FNDA:9,(anonymous_2)
DA:1,2
DA:10,3
DA:11,3
DA:12,3
DA:13,3
DA:14,3
DA:15,3
DA:19,3
DA:21,3
DA:22,9
DA:24,9
DA:25,2
DA:27,2
DA:31,3
LF:14
LH:14
BRDA:24,0,0,2
BRDA:24,0,1,7
BRF:2
BRH:2
end_of_record
TN:
SF:src/tchat.class.js
FN:4,(anonymous_0)
FN:10,(anonymous_1)
FN:14,(anonymous_2)
FN:15,(anonymous_3)
FN:44,(anonymous_4)
FN:47,(anonymous_5)
FN:52,(anonymous_6)
FN:74,(anonymous_7)
FN:101,(anonymous_8)
FN:126,(anonymous_9)
FN:135,(anonymous_10)
FN:138,(anonymous_11)
FN:144,(anonymous_12)
FN:160,(anonymous_13)
FN:161,(anonymous_14)
FN:169,(anonymous_15)
FN:174,(anonymous_16)
FN:181,(anonymous_17)
FN:188,(anonymous_18)
FN:215,(anonymous_19)
FNF:20
FNH:10
FNDA:1,(anonymous_0)
FNDA:2,(anonymous_1)
FNDA:1,(anonymous_2)
FNDA:0,(anonymous_3)
FNDA:1,(anonymous_4)
FNDA:2,(anonymous_5)
FNDA:2,(anonymous_6)
FNDA:0,(anonymous_7)
FNDA:0,(anonymous_8)
FNDA:2,(anonymous_9)
FNDA:0,(anonymous_10)
FNDA:0,(anonymous_11)
FNDA:0,(anonymous_12)
FNDA:0,(anonymous_13)
FNDA:0,(anonymous_14)
FNDA:1,(anonymous_15)
FNDA:0,(anonymous_16)
FNDA:0,(anonymous_17)
FNDA:1,(anonymous_18)
FNDA:1,(anonymous_19)
DA:3,1
DA:5,1
DA:10,2
DA:11,1
DA:15,1
DA:21,1
DA:45,1
DA:47,2
DA:58,2
DA:60,2
DA:75,0
DA:77,0
DA:102,0
DA:103,0
DA:127,2
DA:136,0
DA:138,0
DA:139,0
DA:141,0
DA:142,0
DA:144,0
DA:145,0
DA:153,0
DA:157,0
DA:161,0
DA:162,0
DA:163,0
DA:165,0
DA:170,1
DA:171,1
DA:174,1
DA:175,0
DA:176,0
DA:177,0
DA:178,0
DA:180,0
DA:181,0
DA:183,0
DA:189,1
DA:216,1
DA:217,1
LF:41
LH:17
BRDA:36,0,0,0
BRDA:36,0,1,1
BRDA:141,1,0,0
BRDA:141,1,1,0
BRDA:175,2,0,0
BRDA:175,2,1,0
BRF:6
BRH:1
end_of_record
